-------------------------------------------------------------------------------
Test set: com.examly.springapp.SpringappApplicationTests
-------------------------------------------------------------------------------
Tests run: 20, Failures: 0, Errors: 1, Skipped: 0, Time elapsed: 3.662 s <<< FAILURE! - in com.examly.springapp.SpringappApplicationTests
com.examly.springapp.SpringappApplicationTests.test_Add_SpiceMerchant  Time elapsed: 0.023 s  <<< ERROR!
jakarta.servlet.ServletException: Request processing failed: org.springframework.orm.jpa.JpaSystemException: could not execute statement
	at com.examly.springapp.SpringappApplicationTests.test_Add_SpiceMerchant(SpringappApplicationTests.java:31)
Caused by: org.springframework.orm.jpa.JpaSystemException: could not execute statement
	at com.examly.springapp.SpringappApplicationTests.test_Add_SpiceMerchant(SpringappApplicationTests.java:31)
Caused by: org.hibernate.exception.GenericJDBCException: could not execute statement
	at com.examly.springapp.SpringappApplicationTests.test_Add_SpiceMerchant(SpringappApplicationTests.java:31)
Caused by: java.sql.SQLException: Field 'experience' doesn't have a default value
	at com.examly.springapp.SpringappApplicationTests.test_Add_SpiceMerchant(SpringappApplicationTests.java:31)

